<html>
<head>
<title>TestNG:  SuiteOneCaseTwo</title>
<link href="../testng.css" rel="stylesheet" type="text/css" />
<link href="../my-testng.css" rel="stylesheet" type="text/css" />

<style type="text/css">
.log { display: none;} 
.stack-trace { display: none;} 
</style>
<script type="text/javascript">
<!--
function flip(e) {
  current = e.style.display;
  if (current == 'block') {
    e.style.display = 'none';
    return 0;
  }
  else {
    e.style.display = 'block';
    return 1;
  }
}

function toggleBox(szDivId, elem, msg1, msg2)
{
  var res = -1;  if (document.getElementById) {
    res = flip(document.getElementById(szDivId));
  }
  else if (document.all) {
    // this is the way old msie versions work
    res = flip(document.all[szDivId]);
  }
  if(elem) {
    if(res == 0) elem.innerHTML = msg1; else elem.innerHTML = msg2;
  }

}

function toggleAllBoxes() {
  if (document.getElementsByTagName) {
    d = document.getElementsByTagName('div');
    for (i = 0; i < d.length; i++) {
      if (d[i].className == 'log') {
        flip(d[i]);
      }
    }
  }
}

// -->
</script>

</head>
<body>
<h2 align='center'>SuiteOneCaseTwo</h2><table border='1' align="center">
<tr>
<td>Tests passed/Failed/Skipped:</td><td>0/0/0</td>
</tr><tr>
<td>Started on:</td><td>Thu Aug 27 14:05:12 IST 2015</td>
</tr>
<tr><td>Total time:</td><td>11 seconds (11135 ms)</td>
</tr><tr>
<td>Included groups:</td><td></td>
</tr><tr>
<td>Excluded groups:</td><td></td>
</tr>
</table><p/>
<small><i>(Hover the method name to see the test class name)</i></small><p/>
<table width='100%' border='1' class='invocation-failed'>
<tr><td colspan='4' align='center'><b>FAILED CONFIGURATIONS</b></td></tr>
<tr><td><b>Test method</b></td>
<td width="30%"><b>Exception</b></td>
<td width="10%"><b>Time (seconds)</b></td>
<td><b>Instance</b></td>
</tr>
<tr>
<td title='com.stta.SuiteOne.SuiteOneCaseTwo.closeBrowser()'><b>closeBrowser</b><br>Test class: com.stta.SuiteOne.SuiteOneCaseTwo</td>
<td><div><pre>org.openqa.selenium.remote.UnreachableBrowserException: Error communicating with the remote browser. It may have died.
Build info: version: &apos;2.46.0&apos;, revision: &apos;87c69e2&apos;, time: &apos;2015-06-04 16:17:10&apos;
System info: host: &apos;ind597&apos;, ip: &apos;10.2.5.5&apos;, os.name: &apos;Windows 8.1&apos;, os.arch: &apos;amd64&apos;, os.version: &apos;6.3&apos;, java.version: &apos;1.8.0_25&apos;
Driver info: driver.version: RemoteWebDriver
	at org.openqa.selenium.remote.RemoteWebDriver.execute(RemoteWebDriver.java:599)
	at org.openqa.selenium.remote.RemoteWebDriver.execute(RemoteWebDriver.java:628)
	at org.openqa.selenium.remote.RemoteWebDriver.close(RemoteWebDriver.java:469)
	at com.stta.TestSuiteBase.SuiteBase.closeWebBrowser(SuiteBase.java:100)
	at com.stta.SuiteOne.SuiteOneCaseTwo.closeBrowser(SuiteOneCaseTwo.java:140)
Caused by: org.apache.http.conn.HttpHostConnectException: Connect to 127.0.0.1:7056 [/127.0.0.1] failed: Connection refused: connect
	at org.apache.http.impl.conn.DefaultHttpClientConnectionOperator.connect(DefaultHttpClientConnectionOperator.java:151)
	at org.apache.http.impl.conn.PoolingHttpClientConnectionManager.connect(PoolingHttpClientConnectionManager.java:353)
	at org.apache.http.impl.execchain.MainClientExec.establishRoute(MainClientExec.java:380)
	at org.apache.http.impl.execchain.MainClientExec.execute(MainClientExec.java:236)
	at org.apache.http.impl.execchain.ProtocolExec.execute(ProtocolExec.java:184)
	at org.apache.http.impl.execchain.RetryExec.execute(RetryExec.java:88)
	at org.apache.http.impl.execchain.RedirectExec.execute(RedirectExec.java:110)
	at org.apache.http.impl.client.InternalHttpClient.doExecute(InternalHttpClient.java:184)
	at org.apache.http.impl.client.CloseableHttpClient.execute(CloseableHttpClient.java:71)
	at org.apache.http.impl.client.CloseableHttpClient.execute(CloseableHttpClient.java:55)
	at org.openqa.selenium.remote.internal.ApacheHttpClient.fallBackExecute(ApacheHttpClient.java:143)
	at org.openqa.selenium.remote.internal.ApacheHttpClient.execute(ApacheHttpClient.java:89)
	at org.openqa.selenium.remote.HttpCommandExecutor.execute(HttpCommandExecutor.java:134)
	at org.openqa.selenium.firefox.internal.NewProfileExtensionConnection.execute(NewProfileExtensionConnection.java:168)
	at org.openqa.selenium.firefox.FirefoxDriver$LazyCommandExecutor.execute(FirefoxDriver.java:392)
	at org.openqa.selenium.remote.RemoteWebDriver.execute(RemoteWebDriver.java:578)
	... 26 more
Caused by: java.net.ConnectException: Connection refused: connect
	at java.net.DualStackPlainSocketImpl.waitForConnect(Native Method)
	at java.net.DualStackPlainSocketImpl.socketConnect(DualStackPlainSocketImpl.java:85)
	at java.net.AbstractPlainSocketImpl.doConnect(AbstractPlainSocketImpl.java:345)
	at java.net.AbstractPlainSocketImpl.connectToAddress(AbstractPlainSocketImpl.java:206)
	at java.net.AbstractPlainSocketImpl.connect(AbstractPlainSocketImpl.java:188)
	at java.net.PlainSocketImpl.connect(PlainSocketImpl.java:172)
	at java.net.SocksSocketImpl.connect(SocksSocketImpl.java:392)
	at java.net.Socket.connect(Socket.java:589)
	at org.apache.http.conn.socket.PlainConnectionSocketFactory.connectSocket(PlainConnectionSocketFactory.java:74)
	at org.apache.http.impl.conn.DefaultHttpClientConnectionOperator.connect(DefaultHttpClientConnectionOperator.java:134)
	... 41 more
... Removed 22 stack frames</pre></div><a href='#' onClick='toggleBox("stack-trace1731217984", this, "Click to show all stack frames", "Click to hide stack frames")'>Click to show all stack frames</a>
<div class='stack-trace' id='stack-trace1731217984'><pre>org.openqa.selenium.remote.UnreachableBrowserException: Error communicating with the remote browser. It may have died.
Build info: version: &apos;2.46.0&apos;, revision: &apos;87c69e2&apos;, time: &apos;2015-06-04 16:17:10&apos;
System info: host: &apos;ind597&apos;, ip: &apos;10.2.5.5&apos;, os.name: &apos;Windows 8.1&apos;, os.arch: &apos;amd64&apos;, os.version: &apos;6.3&apos;, java.version: &apos;1.8.0_25&apos;
Driver info: driver.version: RemoteWebDriver
	at org.openqa.selenium.remote.RemoteWebDriver.execute(RemoteWebDriver.java:599)
	at org.openqa.selenium.remote.RemoteWebDriver.execute(RemoteWebDriver.java:628)
	at org.openqa.selenium.remote.RemoteWebDriver.close(RemoteWebDriver.java:469)
	at com.stta.TestSuiteBase.SuiteBase.closeWebBrowser(SuiteBase.java:100)
	at com.stta.SuiteOne.SuiteOneCaseTwo.closeBrowser(SuiteOneCaseTwo.java:140)
	at sun.reflect.NativeMethodAccessorImpl.invoke0(Native Method)
	at sun.reflect.NativeMethodAccessorImpl.invoke(NativeMethodAccessorImpl.java:62)
	at sun.reflect.DelegatingMethodAccessorImpl.invoke(DelegatingMethodAccessorImpl.java:43)
	at java.lang.reflect.Method.invoke(Method.java:483)
	at org.testng.internal.MethodInvocationHelper.invokeMethod(MethodInvocationHelper.java:84)
	at org.testng.internal.Invoker.invokeConfigurationMethod(Invoker.java:564)
	at org.testng.internal.Invoker.invokeConfigurations(Invoker.java:213)
	at org.testng.internal.Invoker.invokeConfigurations(Invoker.java:138)
	at org.testng.TestRunner.afterRun(TestRunner.java:1014)
	at org.testng.TestRunner.run(TestRunner.java:621)
	at org.testng.SuiteRunner.runTest(SuiteRunner.java:334)
	at org.testng.SuiteRunner.runSequentially(SuiteRunner.java:329)
	at org.testng.SuiteRunner.privateRun(SuiteRunner.java:291)
	at org.testng.SuiteRunner.run(SuiteRunner.java:240)
	at org.testng.SuiteRunnerWorker.runSuite(SuiteRunnerWorker.java:52)
	at org.testng.SuiteRunnerWorker.run(SuiteRunnerWorker.java:86)
	at org.testng.TestNG.runSuitesSequentially(TestNG.java:1224)
	at org.testng.TestNG.runSuitesSequentially(TestNG.java:1220)
	at org.testng.TestNG.runSuitesLocally(TestNG.java:1149)
	at org.testng.TestNG.run(TestNG.java:1057)
	at org.testng.TestNG.privateMain(TestNG.java:1364)
	at org.testng.TestNG.main(TestNG.java:1333)
Caused by: org.apache.http.conn.HttpHostConnectException: Connect to 127.0.0.1:7056 [/127.0.0.1] failed: Connection refused: connect
	at org.apache.http.impl.conn.DefaultHttpClientConnectionOperator.connect(DefaultHttpClientConnectionOperator.java:151)
	at org.apache.http.impl.conn.PoolingHttpClientConnectionManager.connect(PoolingHttpClientConnectionManager.java:353)
	at org.apache.http.impl.execchain.MainClientExec.establishRoute(MainClientExec.java:380)
	at org.apache.http.impl.execchain.MainClientExec.execute(MainClientExec.java:236)
	at org.apache.http.impl.execchain.ProtocolExec.execute(ProtocolExec.java:184)
	at org.apache.http.impl.execchain.RetryExec.execute(RetryExec.java:88)
	at org.apache.http.impl.execchain.RedirectExec.execute(RedirectExec.java:110)
	at org.apache.http.impl.client.InternalHttpClient.doExecute(InternalHttpClient.java:184)
	at org.apache.http.impl.client.CloseableHttpClient.execute(CloseableHttpClient.java:71)
	at org.apache.http.impl.client.CloseableHttpClient.execute(CloseableHttpClient.java:55)
	at org.openqa.selenium.remote.internal.ApacheHttpClient.fallBackExecute(ApacheHttpClient.java:143)
	at org.openqa.selenium.remote.internal.ApacheHttpClient.execute(ApacheHttpClient.java:89)
	at org.openqa.selenium.remote.HttpCommandExecutor.execute(HttpCommandExecutor.java:134)
	at org.openqa.selenium.firefox.internal.NewProfileExtensionConnection.execute(NewProfileExtensionConnection.java:168)
	at org.openqa.selenium.firefox.FirefoxDriver$LazyCommandExecutor.execute(FirefoxDriver.java:392)
	at org.openqa.selenium.remote.RemoteWebDriver.execute(RemoteWebDriver.java:578)
	... 26 more
Caused by: java.net.ConnectException: Connection refused: connect
	at java.net.DualStackPlainSocketImpl.waitForConnect(Native Method)
	at java.net.DualStackPlainSocketImpl.socketConnect(DualStackPlainSocketImpl.java:85)
	at java.net.AbstractPlainSocketImpl.doConnect(AbstractPlainSocketImpl.java:345)
	at java.net.AbstractPlainSocketImpl.connectToAddress(AbstractPlainSocketImpl.java:206)
	at java.net.AbstractPlainSocketImpl.connect(AbstractPlainSocketImpl.java:188)
	at java.net.PlainSocketImpl.connect(PlainSocketImpl.java:172)
	at java.net.SocksSocketImpl.connect(SocksSocketImpl.java:392)
	at java.net.Socket.connect(Socket.java:589)
	at org.apache.http.conn.socket.PlainConnectionSocketFactory.connectSocket(PlainConnectionSocketFactory.java:74)
	at org.apache.http.impl.conn.DefaultHttpClientConnectionOperator.connect(DefaultHttpClientConnectionOperator.java:134)
	... 41 more
</pre></div></td>
<td>0</td>
<td>null</td></tr>
</table><p>
<table width='100%' border='1' class='invocation-failed'>
<tr><td colspan='4' align='center'><b>FAILED TESTS</b></td></tr>
<tr><td><b>Test method</b></td>
<td width="30%"><b>Exception</b></td>
<td width="10%"><b>Time (seconds)</b></td>
<td><b>Instance</b></td>
</tr>
<tr>
<td title='com.stta.SuiteOne.SuiteOneCaseTwo.SuiteOneCaseTwoTest()'><b>SuiteOneCaseTwoTest</b><br>Test class: com.stta.SuiteOne.SuiteOneCaseTwo<br>Parameters: 9, 3, 2, 4</td>
<td><div><pre>java.lang.NullPointerException
	at com.stta.SuiteOne.SuiteOneCaseTwo.SuiteOneCaseTwoTest(SuiteOneCaseTwo.java:87)
... Removed 24 stack frames</pre></div><a href='#' onClick='toggleBox("stack-trace473053293", this, "Click to show all stack frames", "Click to hide stack frames")'>Click to show all stack frames</a>
<div class='stack-trace' id='stack-trace473053293'><pre>java.lang.NullPointerException
	at com.stta.SuiteOne.SuiteOneCaseTwo.SuiteOneCaseTwoTest(SuiteOneCaseTwo.java:87)
	at sun.reflect.NativeMethodAccessorImpl.invoke0(Native Method)
	at sun.reflect.NativeMethodAccessorImpl.invoke(NativeMethodAccessorImpl.java:62)
	at sun.reflect.DelegatingMethodAccessorImpl.invoke(DelegatingMethodAccessorImpl.java:43)
	at java.lang.reflect.Method.invoke(Method.java:483)
	at org.testng.internal.MethodInvocationHelper.invokeMethod(MethodInvocationHelper.java:84)
	at org.testng.internal.Invoker.invokeMethod(Invoker.java:714)
	at org.testng.internal.Invoker.invokeTestMethod(Invoker.java:901)
	at org.testng.internal.Invoker.invokeTestMethods(Invoker.java:1231)
	at org.testng.internal.TestMethodWorker.invokeTestMethods(TestMethodWorker.java:127)
	at org.testng.internal.TestMethodWorker.run(TestMethodWorker.java:111)
	at org.testng.TestRunner.privateRun(TestRunner.java:767)
	at org.testng.TestRunner.run(TestRunner.java:617)
	at org.testng.SuiteRunner.runTest(SuiteRunner.java:334)
	at org.testng.SuiteRunner.runSequentially(SuiteRunner.java:329)
	at org.testng.SuiteRunner.privateRun(SuiteRunner.java:291)
	at org.testng.SuiteRunner.run(SuiteRunner.java:240)
	at org.testng.SuiteRunnerWorker.runSuite(SuiteRunnerWorker.java:52)
	at org.testng.SuiteRunnerWorker.run(SuiteRunnerWorker.java:86)
	at org.testng.TestNG.runSuitesSequentially(TestNG.java:1224)
	at org.testng.TestNG.runSuitesSequentially(TestNG.java:1220)
	at org.testng.TestNG.runSuitesLocally(TestNG.java:1149)
	at org.testng.TestNG.run(TestNG.java:1057)
	at org.testng.TestNG.privateMain(TestNG.java:1364)
	at org.testng.TestNG.main(TestNG.java:1333)
</pre></div></td>
<td>8</td>
<td>com.stta.SuiteOne.SuiteOneCaseTwo@58ceff1</td></tr>
<tr>
<td title='com.stta.SuiteOne.SuiteOneCaseTwo.SuiteOneCaseTwoTest()'><b>SuiteOneCaseTwoTest</b><br>Test class: com.stta.SuiteOne.SuiteOneCaseTwo</td>
<td><div><pre>org.openqa.selenium.NoSuchWindowException: Window not found. The browser window may have been closed.
Command duration or timeout: 219 milliseconds
Build info: version: &apos;2.46.0&apos;, revision: &apos;87c69e2&apos;, time: &apos;2015-06-04 16:17:10&apos;
System info: host: &apos;ind597&apos;, ip: &apos;10.2.5.5&apos;, os.name: &apos;Windows 8.1&apos;, os.arch: &apos;amd64&apos;, os.version: &apos;6.3&apos;, java.version: &apos;1.8.0_25&apos;
Driver info: org.openqa.selenium.firefox.FirefoxDriver
Capabilities [{applicationCacheEnabled=true, rotatable=false, handlesAlerts=true, databaseEnabled=true, version=38.0.6, platform=WINDOWS, nativeEvents=false, acceptSslCerts=true, webStorageEnabled=true, locationContextEnabled=true, browserName=firefox, takesScreenshot=true, javascriptEnabled=true, cssSelectorsEnabled=true}]
Session ID: d9cdadb2-a0f9-4f4b-94f5-afaa81e9b87c
	at org.openqa.selenium.remote.ErrorHandler.createThrowable(ErrorHandler.java:204)
	at org.openqa.selenium.remote.ErrorHandler.throwIfResponseFailed(ErrorHandler.java:156)
	at org.openqa.selenium.remote.RemoteWebDriver.execute(RemoteWebDriver.java:605)
	at org.openqa.selenium.remote.RemoteWebDriver.execute(RemoteWebDriver.java:628)
	at org.openqa.selenium.firefox.FirefoxDriver.getScreenshotAs(FirefoxDriver.java:353)
	at com.stta.utility.ScreenshotUtility.captureScreenShot(ScreenshotUtility.java:65)
	at com.stta.utility.ScreenshotUtility.onTestFailure(ScreenshotUtility.java:44)
Caused by: org.openqa.selenium.NoSuchWindowException: Window not found. The browser window may have been closed.
Build info: version: &apos;2.46.0&apos;, revision: &apos;87c69e2&apos;, time: &apos;2015-06-04 16:17:10&apos;
System info: host: &apos;ind597&apos;, ip: &apos;10.2.5.5&apos;, os.name: &apos;Windows 8.1&apos;, os.arch: &apos;amd64&apos;, os.version: &apos;6.3&apos;, java.version: &apos;1.8.0_25&apos;
Driver info: driver.version: unknown
	at &lt;anonymous class&gt;.nsCommandProcessor.prototype.execute(file:///C:/Users/indianic/AppData/Local/Temp/anonymous4168642593682574723webdriver-profile/extensions/fxdriver@googlecode.com/components/command-processor.js:12350)
	at &lt;anonymous class&gt;.Dispatcher.executeAs/&lt;(file:///C:/Users/indianic/AppData/Local/Temp/anonymous4168642593682574723webdriver-profile/extensions/fxdriver@googlecode.com/components/driver-component.js:9089)
	at &lt;anonymous class&gt;.Resource.prototype.handle(file:///C:/Users/indianic/AppData/Local/Temp/anonymous4168642593682574723webdriver-profile/extensions/fxdriver@googlecode.com/components/driver-component.js:9236)
	at &lt;anonymous class&gt;.Dispatcher.prototype.dispatch(file:///C:/Users/indianic/AppData/Local/Temp/anonymous4168642593682574723webdriver-profile/extensions/fxdriver@googlecode.com/components/driver-component.js:9183)
	at &lt;anonymous class&gt;.WebDriverServer/&lt;.handle(file:///C:/Users/indianic/AppData/Local/Temp/anonymous4168642593682574723webdriver-profile/extensions/fxdriver@googlecode.com/components/driver-component.js:12136)
	at &lt;anonymous class&gt;.createHandlerFunc/&lt;(file:///C:/Users/indianic/AppData/Local/Temp/anonymous4168642593682574723webdriver-profile/extensions/fxdriver@googlecode.com/components/httpd.js:2054)
	at &lt;anonymous class&gt;.ServerHandler.prototype.handleResponse(file:///C:/Users/indianic/AppData/Local/Temp/anonymous4168642593682574723webdriver-profile/extensions/fxdriver@googlecode.com/components/httpd.js:2387)
	at &lt;anonymous class&gt;.Connection.prototype.process(file:///C:/Users/indianic/AppData/Local/Temp/anonymous4168642593682574723webdriver-profile/extensions/fxdriver@googlecode.com/components/httpd.js:1223)
	at &lt;anonymous class&gt;.RequestReader.prototype._handleResponse(file:///C:/Users/indianic/AppData/Local/Temp/anonymous4168642593682574723webdriver-profile/extensions/fxdriver@googlecode.com/components/httpd.js:1677)
	at &lt;anonymous class&gt;.RequestReader.prototype._processBody(file:///C:/Users/indianic/AppData/Local/Temp/anonymous4168642593682574723webdriver-profile/extensions/fxdriver@googlecode.com/components/httpd.js:1525)
	at &lt;anonymous class&gt;.RequestReader.prototype.onInputStreamReady(file:///C:/Users/indianic/AppData/Local/Temp/anonymous4168642593682574723webdriver-profile/extensions/fxdriver@googlecode.com/components/httpd.js:1393)
... Removed 25 stack frames</pre></div><a href='#' onClick='toggleBox("stack-trace20804602", this, "Click to show all stack frames", "Click to hide stack frames")'>Click to show all stack frames</a>
<div class='stack-trace' id='stack-trace20804602'><pre>org.openqa.selenium.NoSuchWindowException: Window not found. The browser window may have been closed.
Command duration or timeout: 219 milliseconds
Build info: version: &apos;2.46.0&apos;, revision: &apos;87c69e2&apos;, time: &apos;2015-06-04 16:17:10&apos;
System info: host: &apos;ind597&apos;, ip: &apos;10.2.5.5&apos;, os.name: &apos;Windows 8.1&apos;, os.arch: &apos;amd64&apos;, os.version: &apos;6.3&apos;, java.version: &apos;1.8.0_25&apos;
Driver info: org.openqa.selenium.firefox.FirefoxDriver
Capabilities [{applicationCacheEnabled=true, rotatable=false, handlesAlerts=true, databaseEnabled=true, version=38.0.6, platform=WINDOWS, nativeEvents=false, acceptSslCerts=true, webStorageEnabled=true, locationContextEnabled=true, browserName=firefox, takesScreenshot=true, javascriptEnabled=true, cssSelectorsEnabled=true}]
Session ID: d9cdadb2-a0f9-4f4b-94f5-afaa81e9b87c
	at sun.reflect.NativeConstructorAccessorImpl.newInstance0(Native Method)
	at sun.reflect.NativeConstructorAccessorImpl.newInstance(NativeConstructorAccessorImpl.java:62)
	at sun.reflect.DelegatingConstructorAccessorImpl.newInstance(DelegatingConstructorAccessorImpl.java:45)
	at java.lang.reflect.Constructor.newInstance(Constructor.java:408)
	at org.openqa.selenium.remote.ErrorHandler.createThrowable(ErrorHandler.java:204)
	at org.openqa.selenium.remote.ErrorHandler.throwIfResponseFailed(ErrorHandler.java:156)
	at org.openqa.selenium.remote.RemoteWebDriver.execute(RemoteWebDriver.java:605)
	at org.openqa.selenium.remote.RemoteWebDriver.execute(RemoteWebDriver.java:628)
	at org.openqa.selenium.firefox.FirefoxDriver.getScreenshotAs(FirefoxDriver.java:353)
	at com.stta.utility.ScreenshotUtility.captureScreenShot(ScreenshotUtility.java:65)
	at com.stta.utility.ScreenshotUtility.onTestFailure(ScreenshotUtility.java:44)
	at org.testng.internal.Invoker.runTestListeners(Invoker.java:1895)
	at org.testng.internal.Invoker.runTestListeners(Invoker.java:1879)
	at org.testng.internal.Invoker.invokeMethod(Invoker.java:778)
	at org.testng.internal.Invoker.invokeTestMethod(Invoker.java:901)
	at org.testng.internal.Invoker.invokeTestMethods(Invoker.java:1231)
	at org.testng.internal.TestMethodWorker.invokeTestMethods(TestMethodWorker.java:127)
	at org.testng.internal.TestMethodWorker.run(TestMethodWorker.java:111)
	at org.testng.TestRunner.privateRun(TestRunner.java:767)
	at org.testng.TestRunner.run(TestRunner.java:617)
	at org.testng.SuiteRunner.runTest(SuiteRunner.java:334)
	at org.testng.SuiteRunner.runSequentially(SuiteRunner.java:329)
	at org.testng.SuiteRunner.privateRun(SuiteRunner.java:291)
	at org.testng.SuiteRunner.run(SuiteRunner.java:240)
	at org.testng.SuiteRunnerWorker.runSuite(SuiteRunnerWorker.java:52)
	at org.testng.SuiteRunnerWorker.run(SuiteRunnerWorker.java:86)
	at org.testng.TestNG.runSuitesSequentially(TestNG.java:1224)
	at org.testng.TestNG.runSuitesSequentially(TestNG.java:1220)
	at org.testng.TestNG.runSuitesLocally(TestNG.java:1149)
	at org.testng.TestNG.run(TestNG.java:1057)
	at org.testng.TestNG.privateMain(TestNG.java:1364)
	at org.testng.TestNG.main(TestNG.java:1333)
Caused by: org.openqa.selenium.NoSuchWindowException: Window not found. The browser window may have been closed.
Build info: version: &apos;2.46.0&apos;, revision: &apos;87c69e2&apos;, time: &apos;2015-06-04 16:17:10&apos;
System info: host: &apos;ind597&apos;, ip: &apos;10.2.5.5&apos;, os.name: &apos;Windows 8.1&apos;, os.arch: &apos;amd64&apos;, os.version: &apos;6.3&apos;, java.version: &apos;1.8.0_25&apos;
Driver info: driver.version: unknown
	at &lt;anonymous class&gt;.nsCommandProcessor.prototype.execute(file:///C:/Users/indianic/AppData/Local/Temp/anonymous4168642593682574723webdriver-profile/extensions/fxdriver@googlecode.com/components/command-processor.js:12350)
	at &lt;anonymous class&gt;.Dispatcher.executeAs/&lt;(file:///C:/Users/indianic/AppData/Local/Temp/anonymous4168642593682574723webdriver-profile/extensions/fxdriver@googlecode.com/components/driver-component.js:9089)
	at &lt;anonymous class&gt;.Resource.prototype.handle(file:///C:/Users/indianic/AppData/Local/Temp/anonymous4168642593682574723webdriver-profile/extensions/fxdriver@googlecode.com/components/driver-component.js:9236)
	at &lt;anonymous class&gt;.Dispatcher.prototype.dispatch(file:///C:/Users/indianic/AppData/Local/Temp/anonymous4168642593682574723webdriver-profile/extensions/fxdriver@googlecode.com/components/driver-component.js:9183)
	at &lt;anonymous class&gt;.WebDriverServer/&lt;.handle(file:///C:/Users/indianic/AppData/Local/Temp/anonymous4168642593682574723webdriver-profile/extensions/fxdriver@googlecode.com/components/driver-component.js:12136)
	at &lt;anonymous class&gt;.createHandlerFunc/&lt;(file:///C:/Users/indianic/AppData/Local/Temp/anonymous4168642593682574723webdriver-profile/extensions/fxdriver@googlecode.com/components/httpd.js:2054)
	at &lt;anonymous class&gt;.ServerHandler.prototype.handleResponse(file:///C:/Users/indianic/AppData/Local/Temp/anonymous4168642593682574723webdriver-profile/extensions/fxdriver@googlecode.com/components/httpd.js:2387)
	at &lt;anonymous class&gt;.Connection.prototype.process(file:///C:/Users/indianic/AppData/Local/Temp/anonymous4168642593682574723webdriver-profile/extensions/fxdriver@googlecode.com/components/httpd.js:1223)
	at &lt;anonymous class&gt;.RequestReader.prototype._handleResponse(file:///C:/Users/indianic/AppData/Local/Temp/anonymous4168642593682574723webdriver-profile/extensions/fxdriver@googlecode.com/components/httpd.js:1677)
	at &lt;anonymous class&gt;.RequestReader.prototype._processBody(file:///C:/Users/indianic/AppData/Local/Temp/anonymous4168642593682574723webdriver-profile/extensions/fxdriver@googlecode.com/components/httpd.js:1525)
	at &lt;anonymous class&gt;.RequestReader.prototype.onInputStreamReady(file:///C:/Users/indianic/AppData/Local/Temp/anonymous4168642593682574723webdriver-profile/extensions/fxdriver@googlecode.com/components/httpd.js:1393)
</pre></div></td>
<td>9</td>
<td>com.stta.SuiteOne.SuiteOneCaseTwo@58ceff1</td></tr>
</table><p>
</body>
</html>