<?xml version="1.0" encoding="UTF-8"?>
<!-- Generated by org.testng.reporters.JUnitXMLReporter -->
<testsuite hostname="ind597" name="SuiteOneCaseOne" tests="2" failures="1" timestamp="27 Aug 2015 08:35:12 GMT" time="16.454" errors="0">
  <testcase name="SuiteOneCaseOneTest" time="14.001" classname="com.stta.SuiteOne.SuiteOneCaseOne">
    <failure type="java.lang.AssertionError" message="The following asserts failed:
ActualResult Value 21 And ExpectedResult Value 22 Not Match">
      <![CDATA[java.lang.AssertionError: The following asserts failed:
ActualResult Value 21 And ExpectedResult Value 22 Not Match
	at com.stta.SuiteOne.SuiteOneCaseOne.SuiteOneCaseOneTest(SuiteOneCaseOne.java:126)
... Removed 25 stack frames]]>
    </failure>
  </testcase> <!-- SuiteOneCaseOneTest -->
  <testcase name="SuiteOneCaseOneTest" time="2.157" classname="com.stta.SuiteOne.SuiteOneCaseOne"/>
</testsuite> <!-- SuiteOneCaseOne -->
